\BOOKMARK [0][-]{chapter*.1}{Prefacio}{}% 1
\BOOKMARK [0][-]{chapter.1}{Cap\355tulo 1. Vectores}{}% 2
\BOOKMARK [1][-]{section.1.1}{1.1. \301lgebra lineal en R2 y R3}{chapter.1}% 3
\BOOKMARK [1][-]{section.1.2}{1.2. El producto escalar}{chapter.1}% 4
\BOOKMARK [1][-]{section.1.3}{1.3. La norma de un vector}{chapter.1}% 5
\BOOKMARK [1][-]{section.1.4}{1.4. Vectores afines}{chapter.1}% 6
\BOOKMARK [1][-]{section.1.5}{1.5. Rectas en R2}{chapter.1}% 7
\BOOKMARK [1][-]{section.1.6}{1.6. Planos en R3}{chapter.1}% 8
\BOOKMARK [1][-]{section.1.7}{1.7. Bases ortonormales en Rn \(*\)}{chapter.1}% 9
\BOOKMARK [0][-]{chapter.2}{Cap\355tulo 2. Sistemas lineales}{}% 10
\BOOKMARK [1][-]{section.2.1}{2.1. Sistemas de ecuaciones lineales}{chapter.2}% 11
\BOOKMARK [1][-]{section.2.2}{2.2. Equivalencia de sistemas de ecuaciones lineales}{chapter.2}% 12
\BOOKMARK [1][-]{section.2.3}{2.3. Matrices}{chapter.2}% 13
\BOOKMARK [1][-]{section.2.4}{2.4. M\351todo de Gauss }{chapter.2}% 14
\BOOKMARK [1][-]{section.2.5}{2.5. \301lgebra de matrices}{chapter.2}% 15
\BOOKMARK [1][-]{section.2.6}{2.6. Matrices elementales}{chapter.2}% 16
\BOOKMARK [1][-]{section.2.7}{2.7. Matrices invertibles}{chapter.2}% 17
\BOOKMARK [1][-]{section.2.8}{2.8. Determinante}{chapter.2}% 18
\BOOKMARK [1][-]{section.2.9}{2.9. Autovalores y autovectores}{chapter.2}% 19
\BOOKMARK [0][-]{chapter.3}{Cap\355tulo 3. Espacios vectoriales}{}% 20
\BOOKMARK [1][-]{section.3.1}{3.1. Definici\363n y ejemplos de espacios vectoriales}{chapter.3}% 21
\BOOKMARK [1][-]{section.3.2}{3.2. Subespacios vectoriales}{chapter.3}% 22
\BOOKMARK [1][-]{section.3.3}{3.3. Bases y dimensi\363n}{chapter.3}% 23
\BOOKMARK [1][-]{section.3.4}{3.4. Dimensiones de subespacios}{chapter.3}% 24
\BOOKMARK [0][-]{chapter.4}{Cap\355tulo 4. Transformaciones lineales}{}% 25
\BOOKMARK [1][-]{section.4.1}{4.1. Transformaciones lineales}{chapter.4}% 26
\BOOKMARK [1][-]{section.4.2}{4.2. N\372cleo e imagen de una transformaci\363n lineal}{chapter.4}% 27
\BOOKMARK [1][-]{section.4.3}{4.3. Isomorfismos de espacios vectoriales}{chapter.4}% 28
\BOOKMARK [1][-]{section.4.4}{4.4. \301lgebra de las transformaciones lineales \(*\)}{chapter.4}% 29
\BOOKMARK [1][-]{section.4.5}{4.5. Coordenadas}{chapter.4}% 30
\BOOKMARK [1][-]{section.4.6}{4.6. Matriz de una transformaci\363n lineal}{chapter.4}% 31
\BOOKMARK [1][-]{section.4.7}{4.7. Operadores diagonalizables}{chapter.4}% 32
\BOOKMARK [1][-]{section.4.8}{4.8. Diagonalizaci\363n de matrices sim\351tricas}{chapter.4}% 33
\BOOKMARK [0][-]{chapter.5}{Cap\355tulo 5. Producto interno}{}% 34
\BOOKMARK [1][-]{section.5.1}{5.1. Producto interno}{chapter.5}% 35
\BOOKMARK [1][-]{section.5.2}{5.2. La adjunta de una transformaci\363n lineal \(*\)}{chapter.5}% 36
\BOOKMARK [1][-]{section.5.3}{5.3. Operadores autoadjuntos \(*\)}{chapter.5}% 37
\BOOKMARK [1][-]{section.5.4}{5.4. Operadores antisim\351tricos y operadores ortogonales \(*\)}{chapter.5}% 38
\BOOKMARK [0][-]{appendix.Alph1}{Ap\351ndice A. N\372meros complejos}{}% 39
\BOOKMARK [1][-]{section.Alph1.1}{A.1. Cuerpos}{appendix.Alph1}% 40
\BOOKMARK [1][-]{section.Alph1.2}{A.2. N\372meros complejos}{appendix.Alph1}% 41
\BOOKMARK [0][-]{appendix.Alph2}{Ap\351ndice B. Funciones polin\363micas}{}% 42
\BOOKMARK [1][-]{section.Alph2.1}{B.1. Definici\363n de funciones polin\363micas}{appendix.Alph2}% 43
\BOOKMARK [1][-]{section.Alph2.2}{B.2. Divisi\363n de polinomios}{appendix.Alph2}% 44
\BOOKMARK [0][-]{appendix.Alph3}{Ap\351ndice C. Determinante}{}% 45
\BOOKMARK [1][-]{section.Alph3.1}{C.1. Determinantes}{appendix.Alph3}% 46
\BOOKMARK [1][-]{section.Alph3.2}{C.2. Regla de Cramer}{appendix.Alph3}% 47
