\BOOKMARK [0][-]{chapter.0}{Cap\355tulo \0400. N\372meros complejos}{}% 1
\BOOKMARK [1][-]{section.0.1}{0.1. Cuerpos}{chapter.0}% 2
\BOOKMARK [1][-]{section.0.2}{0.2. N\372meros complejos}{chapter.0}% 3
\BOOKMARK [0][-]{chapter.1}{Cap\355tulo \0401. Sistemas lineales}{}% 4
\BOOKMARK [1][-]{section.1.1}{1.1. Sistemas de ecuaciones lineales}{chapter.1}% 5
\BOOKMARK [1][-]{section.1.2}{1.2. Matrices, operaciones elementales por fila y m\351todo de Gauss }{chapter.1}% 6
\BOOKMARK [1][-]{section.1.3}{1.3. \301lgebra de matrices}{chapter.1}% 7
\BOOKMARK [1][-]{section.1.4}{1.4. Matrices elementales}{chapter.1}% 8
\BOOKMARK [1][-]{section.1.5}{1.5. Matrices inversibles}{chapter.1}% 9
\BOOKMARK [1][-]{section.1.6}{1.6. Determinante}{chapter.1}% 10
\BOOKMARK [0][-]{chapter.2}{Cap\355tulo \0402. Espacios vectoriales}{}% 11
\BOOKMARK [1][-]{section.2.1}{2.1. Definici\363n y ejemplos de espacios vectoriales}{chapter.2}% 12
\BOOKMARK [1][-]{section.2.2}{2.2. Subespacios vectoriales}{chapter.2}% 13
\BOOKMARK [1][-]{section.2.3}{2.3. Bases y dimensi\363n}{chapter.2}% 14
\BOOKMARK [1][-]{section.2.4}{2.4. Suma directa y complemento}{chapter.2}% 15
\BOOKMARK [1][-]{section.2.5}{2.5. Dimensiones de subespacios}{chapter.2}% 16
\BOOKMARK [1][-]{section.2.6}{2.6. Coordenadas}{chapter.2}% 17
\BOOKMARK [0][-]{chapter.3}{Cap\355tulo \0403. Transformaciones lineales}{}% 18
\BOOKMARK [1][-]{section.3.1}{3.1. Transformaciones lineales}{chapter.3}% 19
\BOOKMARK [1][-]{section.3.2}{3.2. N\372cleo e imagen de una transformaci\363n lineal}{chapter.3}% 20
\BOOKMARK [1][-]{section.3.3}{3.3. Isomorfismos de espacios vectoriales}{chapter.3}% 21
\BOOKMARK [1][-]{section.3.4}{3.4. \301lgebra de las transformaciones lineales}{chapter.3}% 22
\BOOKMARK [1][-]{section.3.5}{3.5. Matriz de una transformaci\363n lineal}{chapter.3}% 23
\BOOKMARK [1][-]{section.3.6}{3.6. Autovalores y autovectores}{chapter.3}% 24
\BOOKMARK [0][-]{appendix.A}{Ap\351ndice \040A. Determinante}{}% 25
\BOOKMARK [1][-]{section.A.1}{A.1. Determinantes}{appendix.A}% 26
\BOOKMARK [1][-]{section.A.2}{A.2. Regla de Cramer}{appendix.A}% 27
